# JRE version: Java(TM) SE Runtime Environment (8.0_144-b01) (build 1.8.0_144-b01)
# Java VM: Java HotSpot(TM) Client VM (25.144-b01 mixed mode windows-x86 )
Heap:
 def new generation   total 157248K, used 24564K [0x05c00000, 0x106a0000, 0x106a0000)
  eden space 139776K,  17% used [0x05c00000, 0x073fd218, 0x0e480000)
  from space 17472K,   0% used [0x0e480000, 0x0e480000, 0x0f590000)
  to   space 17472K,   0% used [0x0f590000, 0x0f590000, 0x106a0000)
 tenured generation   total 349568K, used 305060K [0x106a0000, 0x25c00000, 0x25c00000)
   the space 349568K,  87% used [0x106a0000, 0x23089000, 0x23089000, 0x25c00000)
 Metaspace       used 19489K, capacity 19969K, committed 20224K, reserved 20864K
GC Heap History (10 events):
Event: 503.457 GC heap before
{Heap before GC invocations=17 (full 1):
 def new generation   total 39424K, used 39423K [0x05c00000, 0x086c0000, 0x106a0000)
  eden space 35072K, 100% used [0x05c00000, 0x07e40000, 0x07e40000)
  from space 4352K,  99% used [0x07e40000, 0x0827fff8, 0x08280000)
  to   space 4352K,   0% used [0x08280000, 0x08280000, 0x086c0000)
 tenured generation   total 87424K, used 77325K [0x106a0000, 0x15c00000, 0x25c00000)
   the space 87424K,  88% used [0x106a0000, 0x152236e8, 0x15223800, 0x15c00000)
 Metaspace       used 19410K, capacity 19931K, committed 19968K, reserved 20864K
Event: 503.695 GC heap after
Heap after GC invocations=18 (full 2):
 def new generation   total 65792K, used 0K [0x05c00000, 0x0a360000, 0x106a0000)
  eden space 58496K,   0% used [0x05c00000, 0x05c00000, 0x09520000)
  from space 7296K,   0% used [0x09520000, 0x09520000, 0x09c40000)
  to   space 7296K,   0% used [0x09c40000, 0x09c40000, 0x0a360000)
 tenured generation   total 146068K, used 87639K [0x106a0000, 0x19545000, 0x25c00000)
   the space 146068K,  59% used [0x106a0000, 0x15c35e58, 0x15c36000, 0x19545000)
 Metaspace       used 19217K, capacity 19684K, committed 19968K, reserved 20864K
}
Event: 504.280 GC heap before
{Heap before GC invocations=18 (full 2):
 def new generation   total 65792K, used 58496K [0x05c00000, 0x0a360000, 0x106a0000)
  eden space 58496K, 100% used [0x05c00000, 0x09520000, 0x09520000)
  from space 7296K,   0% used [0x09520000, 0x09520000, 0x09c40000)
  to   space 7296K,   0% used [0x09c40000, 0x09c40000, 0x0a360000)
 tenured generation   total 146068K, used 87639K [0x106a0000, 0x19545000, 0x25c00000)
   the space 146068K,  59% used [0x106a0000, 0x15c35e58, 0x15c36000, 0x19545000)
 Metaspace       used 19311K, capacity 19782K, committed 20096K, reserved 20864K
Event: 504.394 GC heap after
Heap after GC invocations=19 (full 2):
 def new generation   total 65792K, used 7296K [0x05c00000, 0x0a360000, 0x106a0000)
  eden space 58496K,   0% used [0x05c00000, 0x05c00000, 0x09520000)
  from space 7296K, 100% used [0x09c40000, 0x0a360000, 0x0a360000)
  to   space 7296K,   0% used [0x09520000, 0x09520000, 0x09c40000)
 tenured generation   total 146068K, used 123018K [0x106a0000, 0x19545000, 0x25c00000)
   the space 146068K,  84% used [0x106a0000, 0x17ec28f8, 0x17ec2a00, 0x19545000)
 Metaspace       used 19311K, capacity 19782K, committed 20096K, reserved 20864K
}
Event: 504.531 GC heap before
{Heap before GC invocations=19 (full 2):
 def new generation   total 65792K, used 65792K [0x05c00000, 0x0a360000, 0x106a0000)
  eden space 58496K, 100% used [0x05c00000, 0x09520000, 0x09520000)
  from space 7296K, 100% used [0x09c40000, 0x0a360000, 0x0a360000)
  to   space 7296K,   0% used [0x09520000, 0x09520000, 0x09c40000)
 tenured generation   total 146068K, used 123018K [0x106a0000, 0x19545000, 0x25c00000)
   the space 146068K,  84% used [0x106a0000, 0x17ec28f8, 0x17ec2a00, 0x19545000)
 Metaspace       used 19311K, capacity 19782K, committed 20096K, reserved 20864K
Event: 505.016 GC heap after
Heap after GC invocations=20 (full 3):
 def new generation   total 131712K, used 7282K [0x05c00000, 0x0eae0000, 0x106a0000)
  eden space 117120K,   6% used [0x05c00000, 0x0631cbd0, 0x0ce60000)
  from space 14592K,   0% used [0x0ce60000, 0x0ce60000, 0x0dca0000)
  to   space 14592K,   0% used [0x0dca0000, 0x0dca0000, 0x0eae0000)
 tenured generation   total 292516K, used 175507K [0x106a0000, 0x22449000, 0x25c00000)
   the space 292516K,  59% used [0x106a0000, 0x1b204fa8, 0x1b205000, 0x22449000)
 Metaspace       used 19307K, capacity 19777K, committed 20096K, reserved 20864K
}
Event: 506.016 GC heap before
{Heap before GC invocations=20 (full 3):
 def new generation   total 131712K, used 113452K [0x05c00000, 0x0eae0000, 0x106a0000)
  eden space 117120K,  96% used [0x05c00000, 0x0cacb268, 0x0ce60000)
  from space 14592K,   0% used [0x0ce60000, 0x0ce60000, 0x0dca0000)
  to   space 14592K,   0% used [0x0dca0000, 0x0dca0000, 0x0eae0000)
 tenured generation   total 292516K, used 175507K [0x106a0000, 0x22449000, 0x25c00000)
   the space 292516K,  59% used [0x106a0000, 0x1b204fa8, 0x1b205000, 0x22449000)
 Metaspace       used 19489K, capacity 19969K, committed 20224K, reserved 20864K
Event: 506.401 GC heap after
Heap after GC invocations=21 (full 3):
 def new generation   total 131712K, used 14592K [0x05c00000, 0x0eae0000, 0x106a0000)
  eden space 117120K,   0% used [0x05c00000, 0x05c00000, 0x0ce60000)
  from space 14592K, 100% used [0x0dca0000, 0x0eae0000, 0x0eae0000)
  to   space 14592K,   0% used [0x0ce60000, 0x0ce60000, 0x0dca0000)
 tenured generation   total 292516K, used 248736K [0x106a0000, 0x22449000, 0x25c00000)
   the space 292516K,  85% used [0x106a0000, 0x1f988280, 0x1f988400, 0x22449000)
 Metaspace       used 19489K, capacity 19969K, committed 20224K, reserved 20864K
}
Event: 508.342 GC heap before
{Heap before GC invocations=21 (full 3):
 def new generation   total 131712K, used 131712K [0x05c00000, 0x0eae0000, 0x106a0000)
  eden space 117120K, 100% used [0x05c00000, 0x0ce60000, 0x0ce60000)
  from space 14592K, 100% used [0x0dca0000, 0x0eae0000, 0x0eae0000)
  to   space 14592K,   0% used [0x0ce60000, 0x0ce60000, 0x0dca0000)
 tenured generation   total 292516K, used 248736K [0x106a0000, 0x22449000, 0x25c00000)
   the space 292516K,  85% used [0x106a0000, 0x1f988280, 0x1f988400, 0x22449000)
 Metaspace       used 19489K, capacity 19969K, committed 20224K, reserved 20864K
Event: 509.356 GC heap after
Heap after GC invocations=22 (full 4):
 def new generation   total 157248K, used 4745K [0x05c00000, 0x106a0000, 0x106a0000)
  eden space 139776K,   3% used [0x05c00000, 0x060a2650, 0x0e480000)
  from space 17472K,   0% used [0x0e480000, 0x0e480000, 0x0f590000)
  to   space 17472K,   0% used [0x0f590000, 0x0f590000, 0x106a0000)
 tenured generation   total 349568K, used 305060K [0x106a0000, 0x25c00000, 0x25c00000)
   the space 349568K,  87% used [0x106a0000, 0x23089000, 0x23089000, 0x25c00000)
 Metaspace       used 19489K, capacity 19969K, committed 20224K, reserved 20864K
}

